<?xml version="1.0"?><coverage lines-covered="345" lines-valid="381" line-rate="0.905511811023622" branches-covered="0" branches-valid="0" branch-rate="0" complexity="0" version="1.9" timestamp="1615921766"><sources><source>/home/alex/Repositories/tetris-rs</source></sources><packages><package name="src" line-rate="0.905511811023622" branch-rate="0" complexity="0"><classes><class name="core" filename="src/core.rs" line-rate="0.905511811023622" branch-rate="0" complexity="0"><methods/><lines><line number="23" hits="0"/><line number="24" hits="0"/><line number="26" hits="0"/><line number="34" hits="1"/><line number="35" hits="1"/><line number="38" hits="1"/><line number="39" hits="1"/><line number="42" hits="0"/><line number="43" hits="0"/><line number="44" hits="0"/><line number="45" hits="0"/><line number="46" hits="0"/><line number="47" hits="0"/><line number="48" hits="0"/><line number="49" hits="0"/><line number="54" hits="0"/><line number="55" hits="0"/><line number="56" hits="0"/><line number="57" hits="0"/><line number="58" hits="0"/><line number="59" hits="0"/><line number="62" hits="0"/><line number="65" hits="0"/><line number="69" hits="0"/><line number="70" hits="0"/><line number="71" hits="0"/><line number="74" hits="0"/><line number="75" hits="0"/><line number="77" hits="0"/><line number="78" hits="0"/><line number="79" hits="0"/><line number="80" hits="0"/><line number="81" hits="0"/><line number="82" hits="0"/><line number="83" hits="0"/><line number="88" hits="0"/><line number="101" hits="2"/><line number="115" hits="1"/><line number="116" hits="1"/><line number="117" hits="2"/><line number="119" hits="1"/><line number="122" hits="1"/><line number="128" hits="1"/><line number="135" hits="2"/><line number="136" hits="2"/><line number="137" hits="4"/><line number="138" hits="4"/><line number="139" hits="3"/><line number="140" hits="2"/><line number="141" hits="2"/><line number="142" hits="2"/><line number="143" hits="1"/><line number="145" hits="4"/><line number="146" hits="2"/><line number="151" hits="1"/><line number="153" hits="1"/><line number="156" hits="0"/><line number="157" hits="0"/><line number="158" hits="0"/><line number="162" hits="1"/><line number="163" hits="1"/><line number="164" hits="2"/><line number="165" hits="2"/><line number="166" hits="3"/><line number="167" hits="1"/><line number="169" hits="1"/><line number="170" hits="1"/><line number="172" hits="1"/><line number="173" hits="3"/><line number="175" hits="2"/><line number="176" hits="1"/><line number="181" hits="2"/><line number="183" hits="2"/><line number="186" hits="4"/><line number="187" hits="4"/><line number="188" hits="8"/><line number="190" hits="12"/><line number="193" hits="4"/><line number="194" hits="4"/><line number="196" hits="4"/><line number="197" hits="4"/><line number="198" hits="8"/><line number="199" hits="8"/><line number="200" hits="5"/><line number="201" hits="4"/><line number="203" hits="4"/><line number="204" hits="4"/><line number="206" hits="4"/><line number="207" hits="2"/><line number="209" hits="4"/><line number="210" hits="0"/><line number="212" hits="8"/><line number="213" hits="4"/><line number="218" hits="1"/><line number="219" hits="1"/><line number="235" hits="2"/><line number="236" hits="6"/><line number="237" hits="3"/><line number="238" hits="1"/><line number="239" hits="1"/><line number="240" hits="1"/><line number="241" hits="1"/><line number="242" hits="1"/><line number="243" hits="1"/><line number="247" hits="1"/><line number="248" hits="6"/><line number="249" hits="2"/><line number="250" hits="1"/><line number="251" hits="1"/><line number="252" hits="1"/><line number="253" hits="1"/><line number="254" hits="1"/><line number="255" hits="1"/><line number="259" hits="4"/><line number="260" hits="8"/><line number="261" hits="12"/><line number="264" hits="8"/><line number="270" hits="1"/><line number="271" hits="8"/><line number="272" hits="3"/><line number="273" hits="1"/><line number="274" hits="1"/><line number="275" hits="1"/><line number="276" hits="1"/><line number="277" hits="1"/><line number="278" hits="1"/><line number="301" hits="3"/><line number="302" hits="1"/><line number="303" hits="1"/><line number="304" hits="3"/><line number="305" hits="1"/><line number="310" hits="3"/><line number="311" hits="1"/><line number="312" hits="1"/><line number="313" hits="3"/><line number="314" hits="1"/><line number="315" hits="1"/><line number="330" hits="4"/><line number="331" hits="1"/><line number="332" hits="1"/><line number="333" hits="1"/><line number="334" hits="1"/><line number="339" hits="630"/><line number="351" hits="7"/><line number="352" hits="8"/><line number="353" hits="1"/><line number="354" hits="1"/><line number="357" hits="7"/><line number="358" hits="8"/><line number="359" hits="1"/><line number="360" hits="1"/><line number="363" hits="7"/><line number="364" hits="8"/><line number="365" hits="1"/><line number="366" hits="1"/><line number="367" hits="2"/><line number="368" hits="2"/><line number="373" hits="7"/><line number="374" hits="8"/><line number="375" hits="1"/><line number="376" hits="1"/><line number="377" hits="1"/><line number="378" hits="2"/><line number="383" hits="7"/><line number="384" hits="9"/><line number="385" hits="2"/><line number="387" hits="4"/><line number="388" hits="4"/><line number="389" hits="2"/><line number="390" hits="2"/><line number="395" hits="2"/><line number="396" hits="2"/><line number="402" hits="7"/><line number="403" hits="10"/><line number="404" hits="3"/><line number="406" hits="7"/><line number="407" hits="7"/><line number="408" hits="3"/><line number="409" hits="4"/><line number="414" hits="4"/><line number="415" hits="4"/><line number="420" hits="7"/><line number="421" hits="9"/><line number="422" hits="2"/><line number="423" hits="2"/><line number="424" hits="4"/><line number="425" hits="2"/><line number="429" hits="7"/><line number="430" hits="10"/><line number="431" hits="3"/><line number="432" hits="3"/><line number="433" hits="3"/><line number="436" hits="7"/><line number="437" hits="8"/><line number="438" hits="1"/><line number="439" hits="3"/><line number="440" hits="1"/><line number="442" hits="2"/><line number="445" hits="7"/><line number="446" hits="8"/><line number="447" hits="1"/><line number="448" hits="1"/><line number="449" hits="1"/><line number="450" hits="2"/><line number="451" hits="1"/><line number="452" hits="2"/><line number="454" hits="1"/><line number="459" hits="7"/><line number="460" hits="10"/><line number="461" hits="3"/><line number="462" hits="3"/><line number="463" hits="3"/><line number="465" hits="6"/><line number="466" hits="3"/><line number="467" hits="6"/><line number="469" hits="3"/><line number="474" hits="7"/><line number="475" hits="9"/><line number="476" hits="2"/><line number="477" hits="2"/><line number="478" hits="2"/><line number="480" hits="4"/><line number="481" hits="2"/><line number="482" hits="1"/><line number="483" hits="1"/><line number="487" hits="7"/><line number="488" hits="8"/><line number="489" hits="1"/><line number="490" hits="1"/><line number="491" hits="1"/><line number="493" hits="2"/><line number="494" hits="1"/><line number="495" hits="1"/><line number="496" hits="1"/><line number="500" hits="7"/><line number="501" hits="10"/><line number="502" hits="3"/><line number="503" hits="3"/><line number="505" hits="7"/><line number="506" hits="4"/><line number="509" hits="12"/><line number="510" hits="4"/><line number="511" hits="4"/><line number="512" hits="4"/><line number="516" hits="7"/><line number="517" hits="8"/><line number="518" hits="1"/><line number="519" hits="1"/><line number="521" hits="2"/><line number="522" hits="1"/><line number="525" hits="3"/><line number="526" hits="1"/><line number="527" hits="1"/><line number="528" hits="1"/><line number="538" hits="35"/><line number="541" hits="1"/><line number="542" hits="1"/><line number="543" hits="1"/><line number="544" hits="1"/><line number="545" hits="1"/><line number="546" hits="1"/><line number="547" hits="1"/><line number="549" hits="9"/><line number="550" hits="2"/><line number="553" hits="35"/><line number="555" hits="1"/><line number="556" hits="1"/><line number="557" hits="1"/><line number="558" hits="1"/><line number="559" hits="1"/><line number="560" hits="1"/><line number="561" hits="1"/><line number="563" hits="15"/><line number="564" hits="1"/><line number="567" hits="35"/><line number="569" hits="2"/><line number="570" hits="2"/><line number="571" hits="1"/><line number="572" hits="1"/><line number="573" hits="1"/><line number="574" hits="1"/><line number="577" hits="2"/><line number="578" hits="2"/><line number="579" hits="1"/><line number="580" hits="1"/><line number="581" hits="1"/><line number="582" hits="1"/><line number="584" hits="2"/><line number="585" hits="1"/><line number="586" hits="1"/><line number="587" hits="1"/><line number="588" hits="1"/><line number="591" hits="2"/><line number="592" hits="2"/><line number="593" hits="1"/><line number="594" hits="1"/><line number="595" hits="1"/><line number="596" hits="1"/><line number="598" hits="2"/><line number="599" hits="1"/><line number="600" hits="1"/><line number="601" hits="1"/><line number="602" hits="1"/><line number="605" hits="2"/><line number="606" hits="2"/><line number="607" hits="1"/><line number="608" hits="1"/><line number="609" hits="1"/><line number="610" hits="1"/><line number="612" hits="2"/><line number="613" hits="1"/><line number="614" hits="1"/><line number="615" hits="1"/><line number="616" hits="1"/><line number="619" hits="2"/><line number="620" hits="2"/><line number="621" hits="1"/><line number="622" hits="1"/><line number="623" hits="1"/><line number="624" hits="1"/><line number="626" hits="2"/><line number="627" hits="1"/><line number="628" hits="1"/><line number="629" hits="1"/><line number="630" hits="1"/><line number="632" hits="2"/><line number="633" hits="1"/><line number="634" hits="1"/><line number="635" hits="1"/><line number="636" hits="1"/><line number="638" hits="2"/><line number="639" hits="1"/><line number="640" hits="1"/><line number="641" hits="1"/><line number="642" hits="1"/><line number="645" hits="2"/><line number="646" hits="2"/><line number="647" hits="1"/><line number="648" hits="1"/><line number="649" hits="1"/><line number="650" hits="1"/><line number="652" hits="2"/><line number="653" hits="1"/><line number="654" hits="1"/><line number="655" hits="1"/><line number="656" hits="1"/><line number="658" hits="2"/><line number="659" hits="1"/><line number="660" hits="1"/><line number="661" hits="1"/><line number="662" hits="1"/><line number="664" hits="2"/><line number="665" hits="1"/><line number="666" hits="1"/><line number="667" hits="1"/><line number="668" hits="1"/><line number="671" hits="2"/><line number="672" hits="2"/><line number="673" hits="1"/><line number="674" hits="1"/><line number="675" hits="1"/><line number="676" hits="1"/><line number="678" hits="2"/><line number="679" hits="1"/><line number="680" hits="1"/><line number="681" hits="1"/><line number="682" hits="1"/><line number="684" hits="2"/><line number="685" hits="1"/><line number="686" hits="1"/><line number="687" hits="1"/><line number="688" hits="1"/><line number="690" hits="2"/><line number="691" hits="1"/><line number="692" hits="1"/><line number="693" hits="1"/><line number="694" hits="1"/><line number="698" hits="15"/><line number="699" hits="4"/><line number="700" hits="12"/><line number="701" hits="8"/></lines></class></classes></package></packages></coverage>